Determining if the pthread_create exist failed with the following output:
Change Dir: /home/raphael/go_birds_catkin_ws/build/CMakeFiles/CMakeTmp

Run Build Command:"/usr/bin/make" "cmTC_1a7c2/fast"
/usr/bin/make -f CMakeFiles/cmTC_1a7c2.dir/build.make CMakeFiles/cmTC_1a7c2.dir/build
make[1]: Entering directory '/home/raphael/go_birds_catkin_ws/build/CMakeFiles/CMakeTmp'
Building C object CMakeFiles/cmTC_1a7c2.dir/CheckSymbolExists.c.o
/usr/bin/cc    -o CMakeFiles/cmTC_1a7c2.dir/CheckSymbolExists.c.o   -c /home/raphael/go_birds_catkin_ws/build/CMakeFiles/CMakeTmp/CheckSymbolExists.c
Linking C executable cmTC_1a7c2
/usr/bin/cmake -E cmake_link_script CMakeFiles/cmTC_1a7c2.dir/link.txt --verbose=1
/usr/bin/cc      -rdynamic CMakeFiles/cmTC_1a7c2.dir/CheckSymbolExists.c.o  -o cmTC_1a7c2 
/usr/bin/ld: CMakeFiles/cmTC_1a7c2.dir/CheckSymbolExists.c.o: in function `main':
CheckSymbolExists.c:(.text+0x1b): undefined reference to `pthread_create'
collect2: error: ld returned 1 exit status
make[1]: *** [CMakeFiles/cmTC_1a7c2.dir/build.make:87: cmTC_1a7c2] Error 1
make[1]: Leaving directory '/home/raphael/go_birds_catkin_ws/build/CMakeFiles/CMakeTmp'
make: *** [Makefile:121: cmTC_1a7c2/fast] Error 2

File /home/raphael/go_birds_catkin_ws/build/CMakeFiles/CMakeTmp/CheckSymbolExists.c:
/* */
#include <pthread.h>

int main(int argc, char** argv)
{
  (void)argv;
#ifndef pthread_create
  return ((int*)(&pthread_create))[argc];
#else
  (void)argc;
  return 0;
#endif
}

Determining if the function pthread_create exists in the pthreads failed with the following output:
Change Dir: /home/raphael/go_birds_catkin_ws/build/CMakeFiles/CMakeTmp

Run Build Command:"/usr/bin/make" "cmTC_23d07/fast"
/usr/bin/make -f CMakeFiles/cmTC_23d07.dir/build.make CMakeFiles/cmTC_23d07.dir/build
make[1]: Entering directory '/home/raphael/go_birds_catkin_ws/build/CMakeFiles/CMakeTmp'
Building C object CMakeFiles/cmTC_23d07.dir/CheckFunctionExists.c.o
/usr/bin/cc   -DCHECK_FUNCTION_EXISTS=pthread_create   -o CMakeFiles/cmTC_23d07.dir/CheckFunctionExists.c.o   -c /usr/share/cmake-3.13/Modules/CheckFunctionExists.c
Linking C executable cmTC_23d07
/usr/bin/cmake -E cmake_link_script CMakeFiles/cmTC_23d07.dir/link.txt --verbose=1
/usr/bin/cc  -DCHECK_FUNCTION_EXISTS=pthread_create    -rdynamic CMakeFiles/cmTC_23d07.dir/CheckFunctionExists.c.o  -o cmTC_23d07 -lpthreads 
/usr/bin/ld: cannot find -lpthreads
collect2: error: ld returned 1 exit status
make[1]: *** [CMakeFiles/cmTC_23d07.dir/build.make:87: cmTC_23d07] Error 1
make[1]: Leaving directory '/home/raphael/go_birds_catkin_ws/build/CMakeFiles/CMakeTmp'
make: *** [Makefile:121: cmTC_23d07/fast] Error 2


